# JRE version: OpenJDK Runtime Environment Corretto-11.0.14.9.1 (11.0.14+9) (build 11.0.14+9-LTS)
# Java VM: OpenJDK 64-Bit Server VM Corretto-11.0.14.9.1 (11.0.14+9-LTS, mixed mode, tiered, compressed oops, g1 gc, windows-amd64)
Heap:
 garbage-first heap   total 187392K, used 30894K [0x0000000082800000, 0x0000000100000000)
  region size 1024K, 8 young (8192K), 8 survivors (8192K)
 Metaspace       used 60154K, capacity 62251K, committed 62464K, reserved 1103872K
  class space    used 8034K, capacity 8873K, committed 8960K, reserved 1048576K
GC Heap History (19 events):
Event: 0.834 GC heap before
{Heap before GC invocations=0 (full 0):
 garbage-first heap   total 129024K, used 25600K [0x0000000082800000, 0x0000000100000000)
  region size 1024K, 24 young (24576K), 0 survivors (0K)
 Metaspace       used 14023K, capacity 14348K, committed 14464K, reserved 1062912K
  class space    used 1457K, capacity 1594K, committed 1664K, reserved 1048576K
}
Event: 0.840 GC heap after
{Heap after GC invocations=1 (full 0):
 garbage-first heap   total 129024K, used 7635K [0x0000000082800000, 0x0000000100000000)
  region size 1024K, 3 young (3072K), 3 survivors (3072K)
 Metaspace       used 14023K, capacity 14348K, committed 14464K, reserved 1062912K
  class space    used 1457K, capacity 1594K, committed 1664K, reserved 1048576K
}
Event: 1.097 GC heap before
{Heap before GC invocations=1 (full 0):
 garbage-first heap   total 129024K, used 27091K [0x0000000082800000, 0x0000000100000000)
  region size 1024K, 22 young (22528K), 3 survivors (3072K)
 Metaspace       used 16802K, capacity 17207K, committed 17408K, reserved 1064960K
  class space    used 1806K, capacity 1978K, committed 2048K, reserved 1048576K
}
Event: 1.101 GC heap after
{Heap after GC invocations=2 (full 0):
 garbage-first heap   total 129024K, used 8779K [0x0000000082800000, 0x0000000100000000)
  region size 1024K, 2 young (2048K), 2 survivors (2048K)
 Metaspace       used 16802K, capacity 17207K, committed 17408K, reserved 1064960K
  class space    used 1806K, capacity 1978K, committed 2048K, reserved 1048576K
}
Event: 1.322 GC heap before
{Heap before GC invocations=2 (full 0):
 garbage-first heap   total 129024K, used 33355K [0x0000000082800000, 0x0000000100000000)
  region size 1024K, 28 young (28672K), 2 survivors (2048K)
 Metaspace       used 20398K, capacity 20982K, committed 21248K, reserved 1069056K
  class space    used 2324K, capacity 2542K, committed 2560K, reserved 1048576K
}
Event: 1.325 GC heap after
{Heap after GC invocations=3 (full 0):
 garbage-first heap   total 129024K, used 9714K [0x0000000082800000, 0x0000000100000000)
  region size 1024K, 2 young (2048K), 2 survivors (2048K)
 Metaspace       used 20398K, capacity 20982K, committed 21248K, reserved 1069056K
  class space    used 2324K, capacity 2542K, committed 2560K, reserved 1048576K
}
Event: 1.642 GC heap before
{Heap before GC invocations=4 (full 0):
 garbage-first heap   total 129024K, used 83442K [0x0000000082800000, 0x0000000100000000)
  region size 1024K, 75 young (76800K), 2 survivors (2048K)
 Metaspace       used 28001K, capacity 28763K, committed 28800K, reserved 1075200K
  class space    used 3382K, capacity 3707K, committed 3712K, reserved 1048576K
}
Event: 1.646 GC heap after
{Heap after GC invocations=5 (full 0):
 garbage-first heap   total 129024K, used 12381K [0x0000000082800000, 0x0000000100000000)
  region size 1024K, 5 young (5120K), 5 survivors (5120K)
 Metaspace       used 28001K, capacity 28763K, committed 28800K, reserved 1075200K
  class space    used 3382K, capacity 3707K, committed 3712K, reserved 1048576K
}
Event: 2.270 GC heap before
{Heap before GC invocations=5 (full 0):
 garbage-first heap   total 129024K, used 84061K [0x0000000082800000, 0x0000000100000000)
  region size 1024K, 75 young (76800K), 5 survivors (5120K)
 Metaspace       used 32134K, capacity 33179K, committed 33408K, reserved 1079296K
  class space    used 4014K, capacity 4464K, committed 4480K, reserved 1048576K
}
Event: 2.278 GC heap after
{Heap after GC invocations=6 (full 0):
 garbage-first heap   total 129024K, used 14890K [0x0000000082800000, 0x0000000100000000)
  region size 1024K, 7 young (7168K), 7 survivors (7168K)
 Metaspace       used 32134K, capacity 33179K, committed 33408K, reserved 1079296K
  class space    used 4014K, capacity 4464K, committed 4480K, reserved 1048576K
}
Event: 2.618 GC heap before
{Heap before GC invocations=6 (full 0):
 garbage-first heap   total 129024K, used 39466K [0x0000000082800000, 0x0000000100000000)
  region size 1024K, 32 young (32768K), 7 survivors (7168K)
 Metaspace       used 34361K, capacity 35440K, committed 35584K, reserved 1079296K
  class space    used 4341K, capacity 4782K, committed 4864K, reserved 1048576K
}
Event: 2.634 GC heap after
{Heap after GC invocations=7 (full 0):
 garbage-first heap   total 155648K, used 16436K [0x0000000082800000, 0x0000000100000000)
  region size 1024K, 7 young (7168K), 7 survivors (7168K)
 Metaspace       used 34361K, capacity 35440K, committed 35584K, reserved 1079296K
  class space    used 4341K, capacity 4782K, committed 4864K, reserved 1048576K
}
Event: 3.282 GC heap before
{Heap before GC invocations=8 (full 0):
 garbage-first heap   total 155648K, used 92212K [0x0000000082800000, 0x0000000100000000)
  region size 1024K, 81 young (82944K), 7 survivors (7168K)
 Metaspace       used 38738K, capacity 40229K, committed 40320K, reserved 1083392K
  class space    used 4916K, capacity 5487K, committed 5504K, reserved 1048576K
}
Event: 3.290 GC heap after
{Heap after GC invocations=9 (full 0):
 garbage-first heap   total 155648K, used 20733K [0x0000000082800000, 0x0000000100000000)
  region size 1024K, 9 young (9216K), 9 survivors (9216K)
 Metaspace       used 38738K, capacity 40229K, committed 40320K, reserved 1083392K
  class space    used 4916K, capacity 5487K, committed 5504K, reserved 1048576K
}
Event: 4.143 GC heap before
{Heap before GC invocations=9 (full 0):
 garbage-first heap   total 155648K, used 99581K [0x0000000082800000, 0x0000000100000000)
  region size 1024K, 86 young (88064K), 9 survivors (9216K)
 Metaspace       used 51875K, capacity 53505K, committed 53632K, reserved 1095680K
  class space    used 6773K, capacity 7437K, committed 7552K, reserved 1048576K
}
Event: 4.151 GC heap after
{Heap after GC invocations=10 (full 0):
 garbage-first heap   total 155648K, used 23973K [0x0000000082800000, 0x0000000100000000)
  region size 1024K, 8 young (8192K), 8 survivors (8192K)
 Metaspace       used 51875K, capacity 53505K, committed 53632K, reserved 1095680K
  class space    used 6773K, capacity 7437K, committed 7552K, reserved 1048576K
}
Event: 5.269 GC heap before
{Heap before GC invocations=10 (full 0):
 garbage-first heap   total 155648K, used 101797K [0x0000000082800000, 0x0000000100000000)
  region size 1024K, 85 young (87040K), 8 survivors (8192K)
 Metaspace       used 57579K, capacity 59527K, committed 59648K, reserved 1099776K
  class space    used 7595K, capacity 8371K, committed 8448K, reserved 1048576K
}
Event: 5.278 GC heap after
{Heap after GC invocations=11 (full 0):
 garbage-first heap   total 155648K, used 28291K [0x0000000082800000, 0x0000000100000000)
  region size 1024K, 8 young (8192K), 8 survivors (8192K)
 Metaspace       used 57579K, capacity 59527K, committed 59648K, reserved 1099776K
  class space    used 7595K, capacity 8371K, committed 8448K, reserved 1048576K
}
Event: 5.920 GC heap before
{Heap before GC invocations=12 (full 0):
 garbage-first heap   total 155648K, used 109187K [0x0000000082800000, 0x0000000100000000)
  region size 1024K, 87 young (89088K), 8 survivors (8192K)
 Metaspace       used 60154K, capacity 62251K, committed 62464K, reserved 1103872K
  class space    used 8034K, capacity 8873K, committed 8960K, reserved 1048576K
}

